生成启动时间为 2018/9/25 12:33:52。
     1>项目“E:\C++_code\Helloworld\Helloworld\Helloworld.vcxproj”在节点 2 上(Build 个目标)。
     1>QtFinalize:
         Moc'ing Helloworld.h...
         Rcc'ing Helloworld.qrc...
         Uic'ing Helloworld.ui...
         RCC: Warning: No resources in 'E:\C++_code\Helloworld\Helloworld\Helloworld.qrc'.
       ClCompile:
         C:\Program Files (x86)\Microsoft Visual Studio 14.0\VC\bin\x86_amd64\CL.exe /c /I.\GeneratedFiles /I. /IC:\Qt\Qt5.10.1\5.10.1\msvc2015_64\include /I.\GeneratedFiles\Debug /IC:\Qt\Qt5.10.1\5.10.1\msvc2015_64\include\QtCore /IC:\Qt\Qt5.10.1\5.10.1\msvc2015_64\include\QtGui /IC:\Qt\Qt5.10.1\5.10.1\msvc2015_64\include\QtANGLE /IC:\Qt\Qt5.10.1\5.10.1\msvc2015_64\include\QtNetwork /IC:\Qt\Qt5.10.1\5.10.1\msvc2015_64\include\QtOpenGL /IC:\Qt\Qt5.10.1\5.10.1\msvc2015_64\include\QtQuick /IC:\Qt\Qt5.10.1\5.10.1\msvc2015_64\include\QtSql /IC:\Qt\Qt5.10.1\5.10.1\msvc2015_64\include\QtWidgets /Zi /nologo /W1 /WX- /MP /Od /D UNICODE /D _UNICODE /D WIN32 /D WIN64 /D QT_DLL /D QT_CORE_LIB /D QT_GUI_LIB /D QT_NETWORK_LIB /D QT_OPENGL_LIB /D QT_QUICK_LIB /D QT_SQL_LIB /D QT_WIDGETS_LIB /Gm- /EHsc /MDd /GS /fp:precise /Zc:wchar_t /Zc:forScope /Zc:inline /Fo"x64\Debug\\" /Fd"x64\Debug\vc140.pdb" /Gd /TP /errorReport:prompt Helloworld.cpp main.cpp .\GeneratedFiles\Debug\moc_Helloworld.cpp .\GeneratedFiles\qrc_Helloworld.cpp
         Helloworld.cpp
         main.cpp
         moc_Helloworld.cpp
         qrc_Helloworld.cpp
       Link:
         C:\Program Files (x86)\Microsoft Visual Studio 14.0\VC\bin\x86_amd64\link.exe /ERRORREPORT:PROMPT /OUT:"E:\C++_code\Helloworld\x64\Debug\\Helloworld.exe" /NOLOGO /LIBPATH:C:\Qt\Qt5.10.1\5.10.1\msvc2015_64\lib qtmaind.lib Qt5Cored.lib Qt5Guid.lib Qt5Networkd.lib Qt5OpenGLd.lib opengl32.lib glu32.lib Qt5Quickd.lib Qt5Sqld.lib Qt5Widgetsd.lib kernel32.lib user32.lib gdi32.lib winspool.lib comdlg32.lib advapi32.lib shell32.lib ole32.lib oleaut32.lib uuid.lib odbc32.lib odbccp32.lib /MANIFEST /MANIFESTUAC:"level='asInvoker' uiAccess='false'" /manifest:embed /Debug /PDB:"E:\C++_code\Helloworld\x64\Debug\Helloworld.pdb" /SUBSYSTEM:WINDOWS /TLBID:1 /DYNAMICBASE /NXCOMPAT /IMPLIB:"E:\C++_code\Helloworld\x64\Debug\Helloworld.lib" /MACHINE:X64 x64\Debug\Helloworld.obj
         x64\Debug\main.obj
         x64\Debug\moc_Helloworld.obj
         x64\Debug\qrc_Helloworld.obj
         Helloworld.vcxproj -> E:\C++_code\Helloworld\x64\Debug\Helloworld.exe
     1>已完成生成项目“E:\C++_code\Helloworld\Helloworld\Helloworld.vcxproj”(Build 个目标)的操作。

已成功生成。

已用时间 00:00:20.71
